# JRE version: OpenJDK Runtime Environment (11.0.10) (build 11.0.10+0-b96-7249189)
# Java VM: OpenJDK 64-Bit Server VM (11.0.10+0-b96-7249189, mixed mode, tiered, compressed oops, g1 gc, windows-amd64)
Heap:
 garbage-first heap   total 329728K, used 228868K [0x0000000080000000, 0x0000000100000000)
  region size 1024K, 85 young (87040K), 3 survivors (3072K)
 Metaspace       used 118671K, capacity 122043K, committed 122232K, reserved 1155072K
  class space    used 15106K, capacity 16367K, committed 16504K, reserved 1048576K
GC Heap History (20 events):
Event: 21.729 GC heap before
{Heap before GC invocations=34 (full 0):
 garbage-first heap   total 329728K, used 278528K [0x0000000080000000, 0x0000000100000000)
  region size 1024K, 38 young (38912K), 5 survivors (5120K)
 Metaspace       used 103962K, capacity 106476K, committed 106744K, reserved 1140736K
  class space    used 13504K, capacity 14443K, committed 14584K, reserved 1048576K
}
Event: 21.736 GC heap after
{Heap after GC invocations=35 (full 0):
 garbage-first heap   total 329728K, used 242688K [0x0000000080000000, 0x0000000100000000)
  region size 1024K, 1 young (1024K), 1 survivors (1024K)
 Metaspace       used 103962K, capacity 106476K, committed 106744K, reserved 1140736K
  class space    used 13504K, capacity 14443K, committed 14584K, reserved 1048576K
}
Event: 28.368 GC heap before
{Heap before GC invocations=36 (full 0):
 garbage-first heap   total 329728K, used 296960K [0x0000000080000000, 0x0000000100000000)
  region size 1024K, 34 young (34816K), 1 survivors (1024K)
 Metaspace       used 105433K, capacity 108175K, committed 108280K, reserved 1142784K
  class space    used 13733K, capacity 14744K, committed 14840K, reserved 1048576K
}
Event: 28.371 GC heap after
{Heap after GC invocations=37 (full 0):
 garbage-first heap   total 329728K, used 242880K [0x0000000080000000, 0x0000000100000000)
  region size 1024K, 1 young (1024K), 1 survivors (1024K)
 Metaspace       used 105433K, capacity 108175K, committed 108280K, reserved 1142784K
  class space    used 13733K, capacity 14744K, committed 14840K, reserved 1048576K
}
Event: 32.027 GC heap before
{Heap before GC invocations=37 (full 0):
 garbage-first heap   total 329728K, used 257216K [0x0000000080000000, 0x0000000100000000)
  region size 1024K, 16 young (16384K), 1 survivors (1024K)
 Metaspace       used 107767K, capacity 110616K, committed 110840K, reserved 1144832K
  class space    used 13966K, capacity 15019K, committed 15096K, reserved 1048576K
}
Event: 32.033 GC heap after
{Heap after GC invocations=38 (full 0):
 garbage-first heap   total 329728K, used 238716K [0x0000000080000000, 0x0000000100000000)
  region size 1024K, 2 young (2048K), 2 survivors (2048K)
 Metaspace       used 107767K, capacity 110616K, committed 110840K, reserved 1144832K
  class space    used 13966K, capacity 15019K, committed 15096K, reserved 1048576K
}
Event: 93.595 GC heap before
{Heap before GC invocations=38 (full 0):
 garbage-first heap   total 329728K, used 276604K [0x0000000080000000, 0x0000000100000000)
  region size 1024K, 39 young (39936K), 2 survivors (2048K)
 Metaspace       used 109779K, capacity 112653K, committed 113016K, reserved 1146880K
  class space    used 14066K, capacity 15110K, committed 15224K, reserved 1048576K
}
Event: 93.610 GC heap after
{Heap after GC invocations=39 (full 0):
 garbage-first heap   total 329728K, used 242444K [0x0000000080000000, 0x0000000100000000)
  region size 1024K, 5 young (5120K), 5 survivors (5120K)
 Metaspace       used 109779K, capacity 112653K, committed 113016K, reserved 1146880K
  class space    used 14066K, capacity 15110K, committed 15224K, reserved 1048576K
}
Event: 99.252 GC heap before
{Heap before GC invocations=39 (full 0):
 garbage-first heap   total 329728K, used 279308K [0x0000000080000000, 0x0000000100000000)
  region size 1024K, 41 young (41984K), 5 survivors (5120K)
 Metaspace       used 110391K, capacity 113293K, committed 113528K, reserved 1146880K
  class space    used 14111K, capacity 15160K, committed 15224K, reserved 1048576K
}
Event: 99.263 GC heap after
{Heap after GC invocations=40 (full 0):
 garbage-first heap   total 329728K, used 245252K [0x0000000080000000, 0x0000000100000000)
  region size 1024K, 3 young (3072K), 3 survivors (3072K)
 Metaspace       used 110391K, capacity 113293K, committed 113528K, reserved 1146880K
  class space    used 14111K, capacity 15160K, committed 15224K, reserved 1048576K
}
Event: 99.658 GC heap before
{Heap before GC invocations=41 (full 0):
 garbage-first heap   total 329728K, used 201220K [0x0000000080000000, 0x0000000100000000)
  region size 1024K, 39 young (39936K), 3 survivors (3072K)
 Metaspace       used 111290K, capacity 114225K, committed 114424K, reserved 1148928K
  class space    used 14225K, capacity 15277K, committed 15352K, reserved 1048576K
}
Event: 99.671 GC heap after
{Heap after GC invocations=42 (full 0):
 garbage-first heap   total 329728K, used 170477K [0x0000000080000000, 0x0000000100000000)
  region size 1024K, 5 young (5120K), 5 survivors (5120K)
 Metaspace       used 111290K, capacity 114225K, committed 114424K, reserved 1148928K
  class space    used 14225K, capacity 15277K, committed 15352K, reserved 1048576K
}
Event: 99.937 GC heap before
{Heap before GC invocations=42 (full 0):
 garbage-first heap   total 329728K, used 184813K [0x0000000080000000, 0x0000000100000000)
  region size 1024K, 16 young (16384K), 5 survivors (5120K)
 Metaspace       used 112351K, capacity 115378K, committed 115704K, reserved 1148928K
  class space    used 14376K, capacity 15459K, committed 15608K, reserved 1048576K
}
Event: 99.945 GC heap after
{Heap after GC invocations=43 (full 0):
 garbage-first heap   total 329728K, used 138178K [0x0000000080000000, 0x0000000100000000)
  region size 1024K, 2 young (2048K), 2 survivors (2048K)
 Metaspace       used 112351K, capacity 115378K, committed 115704K, reserved 1148928K
  class space    used 14376K, capacity 15459K, committed 15608K, reserved 1048576K
}
Event: 100.071 GC heap before
{Heap before GC invocations=43 (full 0):
 garbage-first heap   total 329728K, used 151490K [0x0000000080000000, 0x0000000100000000)
  region size 1024K, 16 young (16384K), 2 survivors (2048K)
 Metaspace       used 113302K, capacity 116399K, committed 116600K, reserved 1150976K
  class space    used 14502K, capacity 15631K, committed 15736K, reserved 1048576K
}
Event: 100.082 GC heap after
{Heap after GC invocations=44 (full 0):
 garbage-first heap   total 329728K, used 113841K [0x0000000080000000, 0x0000000100000000)
  region size 1024K, 2 young (2048K), 2 survivors (2048K)
 Metaspace       used 113302K, capacity 116399K, committed 116600K, reserved 1150976K
  class space    used 14502K, capacity 15631K, committed 15736K, reserved 1048576K
}
Event: 100.995 GC heap before
{Heap before GC invocations=44 (full 0):
 garbage-first heap   total 329728K, used 206001K [0x0000000080000000, 0x0000000100000000)
  region size 1024K, 93 young (95232K), 2 survivors (2048K)
 Metaspace       used 117192K, capacity 120417K, committed 120696K, reserved 1153024K
  class space    used 14958K, capacity 16132K, committed 16248K, reserved 1048576K
}
Event: 101.007 GC heap after
{Heap after GC invocations=45 (full 0):
 garbage-first heap   total 329728K, used 122573K [0x0000000080000000, 0x0000000100000000)
  region size 1024K, 11 young (11264K), 11 survivors (11264K)
 Metaspace       used 117192K, capacity 120417K, committed 120696K, reserved 1153024K
  class space    used 14958K, capacity 16132K, committed 16248K, reserved 1048576K
}
Event: 101.095 GC heap before
{Heap before GC invocations=45 (full 0):
 garbage-first heap   total 329728K, used 127693K [0x0000000080000000, 0x0000000100000000)
  region size 1024K, 18 young (18432K), 11 survivors (11264K)
 Metaspace       used 117218K, capacity 120482K, committed 120696K, reserved 1153024K
  class space    used 14958K, capacity 16132K, committed 16248K, reserved 1048576K
}
Event: 101.118 GC heap after
{Heap after GC invocations=46 (full 0):
 garbage-first heap   total 329728K, used 123396K [0x0000000080000000, 0x0000000100000000)
  region size 1024K, 3 young (3072K), 3 survivors (3072K)
 Metaspace       used 117218K, capacity 120482K, committed 120696K, reserved 1153024K
  class space    used 14958K, capacity 16132K, committed 16248K, reserved 1048576K
}

