# JRE version: OpenJDK Runtime Environment (11.0.10) (build 11.0.10+0-b96-7249189)
# Java VM: OpenJDK 64-Bit Server VM (11.0.10+0-b96-7249189, mixed mode, tiered, compressed oops, g1 gc, windows-amd64)
Heap:
 garbage-first heap   total 441344K, used 365568K [0x0000000080000000, 0x0000000100000000)
  region size 1024K, 82 young (83968K), 12 survivors (12288K)
 Metaspace       used 108360K, capacity 111189K, committed 111364K, reserved 1144832K
  class space    used 13984K, capacity 15059K, committed 15232K, reserved 1048576K
GC Heap History (20 events):
Event: 17.633 GC heap before
{Heap before GC invocations=24 (full 0):
 garbage-first heap   total 323584K, used 248814K [0x0000000080000000, 0x0000000100000000)
  region size 1024K, 34 young (34816K), 3 survivors (3072K)
 Metaspace       used 105924K, capacity 108624K, committed 109444K, reserved 1144832K
  class space    used 13744K, capacity 14795K, committed 15104K, reserved 1048576K
}
Event: 17.642 GC heap after
{Heap after GC invocations=25 (full 0):
 garbage-first heap   total 323584K, used 220160K [0x0000000080000000, 0x0000000100000000)
  region size 1024K, 5 young (5120K), 5 survivors (5120K)
 Metaspace       used 105924K, capacity 108624K, committed 109444K, reserved 1144832K
  class space    used 13744K, capacity 14795K, committed 15104K, reserved 1048576K
}
Event: 17.760 GC heap before
{Heap before GC invocations=25 (full 0):
 garbage-first heap   total 323584K, used 229376K [0x0000000080000000, 0x0000000100000000)
  region size 1024K, 15 young (15360K), 5 survivors (5120K)
 Metaspace       used 106049K, capacity 108839K, committed 109444K, reserved 1144832K
  class space    used 13765K, capacity 14818K, committed 15104K, reserved 1048576K
}
Event: 17.769 GC heap after
{Heap after GC invocations=26 (full 0):
 garbage-first heap   total 323584K, used 218595K [0x0000000080000000, 0x0000000100000000)
  region size 1024K, 2 young (2048K), 2 survivors (2048K)
 Metaspace       used 106049K, capacity 108839K, committed 109444K, reserved 1144832K
  class space    used 13765K, capacity 14818K, committed 15104K, reserved 1048576K
}
Event: 17.893 GC heap before
{Heap before GC invocations=26 (full 0):
 garbage-first heap   total 323584K, used 250339K [0x0000000080000000, 0x0000000100000000)
  region size 1024K, 34 young (34816K), 2 survivors (2048K)
 Metaspace       used 106163K, capacity 108988K, committed 109700K, reserved 1144832K
  class space    used 13768K, capacity 14820K, committed 15104K, reserved 1048576K
}
Event: 17.927 GC heap after
{Heap after GC invocations=27 (full 0):
 garbage-first heap   total 323584K, used 225242K [0x0000000080000000, 0x0000000100000000)
  region size 1024K, 5 young (5120K), 5 survivors (5120K)
 Metaspace       used 106163K, capacity 108988K, committed 109700K, reserved 1144832K
  class space    used 13768K, capacity 14820K, committed 15104K, reserved 1048576K
}
Event: 18.325 GC heap before
{Heap before GC invocations=27 (full 0):
 garbage-first heap   total 323584K, used 243674K [0x0000000080000000, 0x0000000100000000)
  region size 1024K, 37 young (37888K), 5 survivors (5120K)
 Metaspace       used 106267K, capacity 109097K, committed 109700K, reserved 1144832K
  class space    used 13771K, capacity 14825K, committed 15104K, reserved 1048576K
}
Event: 18.333 GC heap after
{Heap after GC invocations=28 (full 0):
 garbage-first heap   total 323584K, used 216044K [0x0000000080000000, 0x0000000100000000)
  region size 1024K, 5 young (5120K), 5 survivors (5120K)
 Metaspace       used 106267K, capacity 109097K, committed 109700K, reserved 1144832K
  class space    used 13771K, capacity 14825K, committed 15104K, reserved 1048576K
}
Event: 18.690 GC heap before
{Heap before GC invocations=29 (full 0):
 garbage-first heap   total 323584K, used 258028K [0x0000000080000000, 0x0000000100000000)
  region size 1024K, 43 young (44032K), 5 survivors (5120K)
 Metaspace       used 106345K, capacity 109171K, committed 109700K, reserved 1144832K
  class space    used 13772K, capacity 14825K, committed 15104K, reserved 1048576K
}
Event: 18.699 GC heap after
{Heap after GC invocations=30 (full 0):
 garbage-first heap   total 323584K, used 220681K [0x0000000080000000, 0x0000000100000000)
  region size 1024K, 4 young (4096K), 4 survivors (4096K)
 Metaspace       used 106345K, capacity 109171K, committed 109700K, reserved 1144832K
  class space    used 13772K, capacity 14825K, committed 15104K, reserved 1048576K
}
Event: 18.819 GC heap before
{Heap before GC invocations=30 (full 0):
 garbage-first heap   total 323584K, used 232969K [0x0000000080000000, 0x0000000100000000)
  region size 1024K, 15 young (15360K), 4 survivors (4096K)
 Metaspace       used 106346K, capacity 109171K, committed 109700K, reserved 1144832K
  class space    used 13772K, capacity 14825K, committed 15104K, reserved 1048576K
}
Event: 18.845 GC heap after
{Heap after GC invocations=31 (full 0):
 garbage-first heap   total 323584K, used 206216K [0x0000000080000000, 0x0000000100000000)
  region size 1024K, 2 young (2048K), 2 survivors (2048K)
 Metaspace       used 106346K, capacity 109171K, committed 109700K, reserved 1144832K
  class space    used 13772K, capacity 14825K, committed 15104K, reserved 1048576K
}
Event: 18.880 GC heap before
{Heap before GC invocations=31 (full 0):
 garbage-first heap   total 323584K, used 209288K [0x0000000080000000, 0x0000000100000000)
  region size 1024K, 6 young (6144K), 2 survivors (2048K)
 Metaspace       used 106347K, capacity 109171K, committed 109700K, reserved 1144832K
  class space    used 13772K, capacity 14825K, committed 15104K, reserved 1048576K
}
Event: 18.886 GC heap after
{Heap after GC invocations=32 (full 0):
 garbage-first heap   total 323584K, used 206649K [0x0000000080000000, 0x0000000100000000)
  region size 1024K, 2 young (2048K), 2 survivors (2048K)
 Metaspace       used 106347K, capacity 109171K, committed 109700K, reserved 1144832K
  class space    used 13772K, capacity 14825K, committed 15104K, reserved 1048576K
}
Event: 19.798 GC heap before
{Heap before GC invocations=33 (full 0):
 garbage-first heap   total 323584K, used 262969K [0x0000000080000000, 0x0000000100000000)
  region size 1024K, 48 young (49152K), 2 survivors (2048K)
 Metaspace       used 106459K, capacity 109258K, committed 109956K, reserved 1144832K
  class space    used 13776K, capacity 14828K, committed 15104K, reserved 1048576K
}
Event: 19.807 GC heap after
{Heap after GC invocations=34 (full 0):
 garbage-first heap   total 323584K, used 220152K [0x0000000080000000, 0x0000000100000000)
  region size 1024K, 5 young (5120K), 5 survivors (5120K)
 Metaspace       used 106459K, capacity 109258K, committed 109956K, reserved 1144832K
  class space    used 13776K, capacity 14828K, committed 15104K, reserved 1048576K
}
Event: 19.890 GC heap before
{Heap before GC invocations=34 (full 0):
 garbage-first heap   total 323584K, used 232440K [0x0000000080000000, 0x0000000100000000)
  region size 1024K, 15 young (15360K), 5 survivors (5120K)
 Metaspace       used 106484K, capacity 109274K, committed 109956K, reserved 1144832K
  class space    used 13778K, capacity 14833K, committed 15104K, reserved 1048576K
}
Event: 19.907 GC heap after
{Heap after GC invocations=35 (full 0):
 garbage-first heap   total 441344K, used 215630K [0x0000000080000000, 0x0000000100000000)
  region size 1024K, 2 young (2048K), 2 survivors (2048K)
 Metaspace       used 106484K, capacity 109274K, committed 109956K, reserved 1144832K
  class space    used 13778K, capacity 14833K, committed 15104K, reserved 1048576K
}
Event: 20.408 GC heap before
{Heap before GC invocations=35 (full 0):
 garbage-first heap   total 441344K, used 326222K [0x0000000080000000, 0x0000000100000000)
  region size 1024K, 91 young (93184K), 2 survivors (2048K)
 Metaspace       used 106572K, capacity 109366K, committed 109956K, reserved 1144832K
  class space    used 13778K, capacity 14833K, committed 15104K, reserved 1048576K
}
Event: 20.425 GC heap after
{Heap after GC invocations=36 (full 0):
 garbage-first heap   total 441344K, used 248832K [0x0000000080000000, 0x0000000100000000)
  region size 1024K, 12 young (12288K), 12 survivors (12288K)
 Metaspace       used 106572K, capacity 109366K, committed 109956K, reserved 1144832K
  class space    used 13778K, capacity 14833K, committed 15104K, reserved 1048576K
}

