# JRE version: OpenJDK Runtime Environment (11.0.10) (build 11.0.10+0-b96-7249189)
# Java VM: OpenJDK 64-Bit Server VM (11.0.10+0-b96-7249189, mixed mode, tiered, compressed oops, g1 gc, windows-amd64)
Heap:
 garbage-first heap   total 350208K, used 241809K [0x0000000080000000, 0x0000000100000000)
  region size 1024K, 30 young (30720K), 5 survivors (5120K)
 Metaspace       used 105753K, capacity 108378K, committed 108492K, reserved 1142784K
  class space    used 13728K, capacity 14741K, committed 14796K, reserved 1048576K
GC Heap History (20 events):
Event: 24.197 GC heap before
{Heap before GC invocations=17 (full 0):
 garbage-first heap   total 291840K, used 226186K [0x0000000080000000, 0x0000000100000000)
  region size 1024K, 47 young (48128K), 6 survivors (6144K)
 Metaspace       used 98688K, capacity 101211K, committed 101452K, reserved 1136640K
  class space    used 12869K, capacity 13814K, committed 13900K, reserved 1048576K
}
Event: 24.213 GC heap after
{Heap after GC invocations=18 (full 0):
 garbage-first heap   total 291840K, used 190462K [0x0000000080000000, 0x0000000100000000)
  region size 1024K, 5 young (5120K), 5 survivors (5120K)
 Metaspace       used 98688K, capacity 101211K, committed 101452K, reserved 1136640K
  class space    used 12869K, capacity 13814K, committed 13900K, reserved 1048576K
}
Event: 24.921 GC heap before
{Heap before GC invocations=19 (full 0):
 garbage-first heap   total 291840K, used 235518K [0x0000000080000000, 0x0000000100000000)
  region size 1024K, 46 young (47104K), 5 survivors (5120K)
 Metaspace       used 99247K, capacity 101735K, committed 101964K, reserved 1136640K
  class space    used 12918K, capacity 13856K, committed 13900K, reserved 1048576K
}
Event: 24.939 GC heap after
{Heap after GC invocations=20 (full 0):
 garbage-first heap   total 291840K, used 199791K [0x0000000080000000, 0x0000000100000000)
  region size 1024K, 6 young (6144K), 6 survivors (6144K)
 Metaspace       used 99247K, capacity 101735K, committed 101964K, reserved 1136640K
  class space    used 12918K, capacity 13856K, committed 13900K, reserved 1048576K
}
Event: 25.019 GC heap before
{Heap before GC invocations=20 (full 0):
 garbage-first heap   total 291840K, used 207983K [0x0000000080000000, 0x0000000100000000)
  region size 1024K, 14 young (14336K), 6 survivors (6144K)
 Metaspace       used 99292K, capacity 101735K, committed 101964K, reserved 1136640K
  class space    used 12926K, capacity 13856K, committed 13900K, reserved 1048576K
}
Event: 25.032 GC heap after
{Heap after GC invocations=21 (full 0):
 garbage-first heap   total 291840K, used 197478K [0x0000000080000000, 0x0000000100000000)
  region size 1024K, 2 young (2048K), 2 survivors (2048K)
 Metaspace       used 99292K, capacity 101735K, committed 101964K, reserved 1136640K
  class space    used 12926K, capacity 13856K, committed 13900K, reserved 1048576K
}
Event: 25.045 GC heap before
{Heap before GC invocations=21 (full 0):
 garbage-first heap   total 291840K, used 198502K [0x0000000080000000, 0x0000000100000000)
  region size 1024K, 4 young (4096K), 2 survivors (2048K)
 Metaspace       used 99298K, capacity 101735K, committed 101964K, reserved 1136640K
  class space    used 12928K, capacity 13856K, committed 13900K, reserved 1048576K
}
Event: 25.051 GC heap after
{Heap after GC invocations=22 (full 0):
 garbage-first heap   total 291840K, used 197367K [0x0000000080000000, 0x0000000100000000)
  region size 1024K, 2 young (2048K), 2 survivors (2048K)
 Metaspace       used 99298K, capacity 101735K, committed 101964K, reserved 1136640K
  class space    used 12928K, capacity 13856K, committed 13900K, reserved 1048576K
}
Event: 25.602 GC heap before
{Heap before GC invocations=23 (full 0):
 garbage-first heap   total 291840K, used 234231K [0x0000000080000000, 0x0000000100000000)
  region size 1024K, 37 young (37888K), 2 survivors (2048K)
 Metaspace       used 99910K, capacity 102388K, committed 102604K, reserved 1138688K
  class space    used 12989K, capacity 13924K, committed 14028K, reserved 1048576K
}
Event: 25.608 GC heap after
{Heap after GC invocations=24 (full 0):
 garbage-first heap   total 291840K, used 200867K [0x0000000080000000, 0x0000000100000000)
  region size 1024K, 4 young (4096K), 4 survivors (4096K)
 Metaspace       used 99910K, capacity 102388K, committed 102604K, reserved 1138688K
  class space    used 12989K, capacity 13924K, committed 14028K, reserved 1048576K
}
Event: 25.684 GC heap before
{Heap before GC invocations=24 (full 0):
 garbage-first heap   total 291840K, used 210083K [0x0000000080000000, 0x0000000100000000)
  region size 1024K, 14 young (14336K), 4 survivors (4096K)
 Metaspace       used 100041K, capacity 102512K, committed 102604K, reserved 1138688K
  class space    used 13009K, capacity 13962K, committed 14028K, reserved 1048576K
}
Event: 25.691 GC heap after
{Heap after GC invocations=25 (full 0):
 garbage-first heap   total 291840K, used 199575K [0x0000000080000000, 0x0000000100000000)
  region size 1024K, 1 young (1024K), 1 survivors (1024K)
 Metaspace       used 100041K, capacity 102512K, committed 102604K, reserved 1138688K
  class space    used 13009K, capacity 13962K, committed 14028K, reserved 1048576K
}
Event: 25.924 GC heap before
{Heap before GC invocations=25 (full 0):
 garbage-first heap   total 291840K, used 213911K [0x0000000080000000, 0x0000000100000000)
  region size 1024K, 16 young (16384K), 1 survivors (1024K)
 Metaspace       used 100966K, capacity 103388K, committed 103500K, reserved 1138688K
  class space    used 13123K, capacity 14061K, committed 14156K, reserved 1048576K
}
Event: 25.927 GC heap after
{Heap after GC invocations=26 (full 0):
 garbage-first heap   total 291840K, used 200797K [0x0000000080000000, 0x0000000100000000)
  region size 1024K, 2 young (2048K), 2 survivors (2048K)
 Metaspace       used 100966K, capacity 103388K, committed 103500K, reserved 1138688K
  class space    used 13123K, capacity 14061K, committed 14156K, reserved 1048576K
}
Event: 26.585 GC heap before
{Heap before GC invocations=27 (full 0):
 garbage-first heap   total 291840K, used 238685K [0x0000000080000000, 0x0000000100000000)
  region size 1024K, 38 young (38912K), 2 survivors (2048K)
 Metaspace       used 102368K, capacity 104866K, committed 105164K, reserved 1140736K
  class space    used 13273K, capacity 14206K, committed 14284K, reserved 1048576K
}
Event: 26.590 GC heap after
{Heap after GC invocations=28 (full 0):
 garbage-first heap   total 291840K, used 205554K [0x0000000080000000, 0x0000000100000000)
  region size 1024K, 5 young (5120K), 5 survivors (5120K)
 Metaspace       used 102368K, capacity 104866K, committed 105164K, reserved 1140736K
  class space    used 13273K, capacity 14206K, committed 14284K, reserved 1048576K
}
Event: 26.727 GC heap before
{Heap before GC invocations=28 (full 0):
 garbage-first heap   total 291840K, used 213746K [0x0000000080000000, 0x0000000100000000)
  region size 1024K, 14 young (14336K), 5 survivors (5120K)
 Metaspace       used 102489K, capacity 104961K, committed 105164K, reserved 1140736K
  class space    used 13291K, capacity 14216K, committed 14284K, reserved 1048576K
}
Event: 26.732 GC heap after
{Heap after GC invocations=29 (full 0):
 garbage-first heap   total 291840K, used 204383K [0x0000000080000000, 0x0000000100000000)
  region size 1024K, 2 young (2048K), 2 survivors (2048K)
 Metaspace       used 102489K, capacity 104961K, committed 105164K, reserved 1140736K
  class space    used 13291K, capacity 14216K, committed 14284K, reserved 1048576K
}
Event: 27.166 GC heap before
{Heap before GC invocations=29 (full 0):
 garbage-first heap   total 291840K, used 248415K [0x0000000080000000, 0x0000000100000000)
  region size 1024K, 38 young (38912K), 2 survivors (2048K)
 Metaspace       used 103691K, capacity 106241K, committed 106316K, reserved 1140736K
  class space    used 13425K, capacity 14379K, committed 14412K, reserved 1048576K
}
Event: 27.184 GC heap after
{Heap after GC invocations=30 (full 0):
 garbage-first heap   total 350208K, used 215185K [0x0000000080000000, 0x0000000100000000)
  region size 1024K, 5 young (5120K), 5 survivors (5120K)
 Metaspace       used 103691K, capacity 106241K, committed 106316K, reserved 1140736K
  class space    used 13425K, capacity 14379K, committed 14412K, reserved 1048576K
}

