# JRE version: OpenJDK Runtime Environment (11.0.10) (build 11.0.10+0-b96-7249189)
# Java VM: OpenJDK 64-Bit Server VM (11.0.10+0-b96-7249189, mixed mode, tiered, compressed oops, g1 gc, windows-amd64)
Heap:
 garbage-first heap   total 274432K, used 211288K [0x0000000080000000, 0x0000000100000000)
  region size 1024K, 68 young (69632K), 12 survivors (12288K)
 Metaspace       used 106492K, capacity 109913K, committed 110156K, reserved 1144832K
  class space    used 14103K, capacity 15444K, committed 15488K, reserved 1048576K
GC Heap History (20 events):
Event: 8.208 GC heap before
{Heap before GC invocations=6 (full 0):
 garbage-first heap   total 262144K, used 142893K [0x0000000080000000, 0x0000000100000000)
  region size 1024K, 121 young (123904K), 6 survivors (6144K)
 Metaspace       used 44627K, capacity 45757K, committed 45824K, reserved 1089536K
  class space    used 5710K, capacity 6113K, committed 6144K, reserved 1048576K
}
Event: 8.219 GC heap after
{Heap after GC invocations=7 (full 0):
 garbage-first heap   total 262144K, used 28665K [0x0000000080000000, 0x0000000100000000)
  region size 1024K, 12 young (12288K), 12 survivors (12288K)
 Metaspace       used 44627K, capacity 45757K, committed 45824K, reserved 1089536K
  class space    used 5710K, capacity 6113K, committed 6144K, reserved 1048576K
}
Event: 10.127 GC heap before
{Heap before GC invocations=7 (full 0):
 garbage-first heap   total 262144K, used 176121K [0x0000000080000000, 0x0000000100000000)
  region size 1024K, 149 young (152576K), 12 survivors (12288K)
 Metaspace       used 58582K, capacity 60077K, committed 60160K, reserved 1101824K
  class space    used 7387K, capacity 7900K, committed 7936K, reserved 1048576K
}
Event: 10.143 GC heap after
{Heap after GC invocations=8 (full 0):
 garbage-first heap   total 262144K, used 49576K [0x0000000080000000, 0x0000000100000000)
  region size 1024K, 19 young (19456K), 19 survivors (19456K)
 Metaspace       used 58582K, capacity 60077K, committed 60160K, reserved 1101824K
  class space    used 7387K, capacity 7900K, committed 7936K, reserved 1048576K
}
Event: 10.151 GC heap before
{Heap before GC invocations=8 (full 0):
 garbage-first heap   total 262144K, used 49576K [0x0000000080000000, 0x0000000100000000)
  region size 1024K, 20 young (20480K), 19 survivors (19456K)
 Metaspace       used 58623K, capacity 60118K, committed 60160K, reserved 1101824K
  class space    used 7393K, capacity 7936K, committed 7936K, reserved 1048576K
}
Event: 10.174 GC heap after
{Heap after GC invocations=9 (full 0):
 garbage-first heap   total 262144K, used 51984K [0x0000000080000000, 0x0000000100000000)
  region size 1024K, 2 young (2048K), 2 survivors (2048K)
 Metaspace       used 58623K, capacity 60118K, committed 60160K, reserved 1101824K
  class space    used 7393K, capacity 7936K, committed 7936K, reserved 1048576K
}
Event: 11.443 GC heap before
{Heap before GC invocations=10 (full 0):
 garbage-first heap   total 262144K, used 155408K [0x0000000080000000, 0x0000000100000000)
  region size 1024K, 103 young (105472K), 2 survivors (2048K)
 Metaspace       used 66715K, capacity 68400K, committed 68684K, reserved 1110016K
  class space    used 8421K, capacity 9017K, committed 9088K, reserved 1048576K
}
Event: 11.459 GC heap after
{Heap after GC invocations=11 (full 0):
 garbage-first heap   total 262144K, used 58684K [0x0000000080000000, 0x0000000100000000)
  region size 1024K, 9 young (9216K), 9 survivors (9216K)
 Metaspace       used 66715K, capacity 68400K, committed 68684K, reserved 1110016K
  class space    used 8421K, capacity 9017K, committed 9088K, reserved 1048576K
}
Event: 13.286 GC heap before
{Heap before GC invocations=12 (full 0):
 garbage-first heap   total 262144K, used 166204K [0x0000000080000000, 0x0000000100000000)
  region size 1024K, 114 young (116736K), 9 survivors (9216K)
 Metaspace       used 78155K, capacity 79870K, committed 80076K, reserved 1118208K
  class space    used 10093K, capacity 10707K, committed 10752K, reserved 1048576K
}
Event: 13.299 GC heap after
{Heap after GC invocations=13 (full 0):
 garbage-first heap   total 262144K, used 65393K [0x0000000080000000, 0x0000000100000000)
  region size 1024K, 7 young (7168K), 7 survivors (7168K)
 Metaspace       used 78155K, capacity 79870K, committed 80076K, reserved 1118208K
  class space    used 10093K, capacity 10707K, committed 10752K, reserved 1048576K
}
Event: 14.679 GC heap before
{Heap before GC invocations=13 (full 0):
 garbage-first heap   total 262144K, used 175985K [0x0000000080000000, 0x0000000100000000)
  region size 1024K, 116 young (118784K), 7 survivors (7168K)
 Metaspace       used 85245K, capacity 87507K, committed 87628K, reserved 1124352K
  class space    used 11024K, capacity 11872K, committed 11904K, reserved 1048576K
}
Event: 14.694 GC heap after
{Heap after GC invocations=14 (full 0):
 garbage-first heap   total 262144K, used 74573K [0x0000000080000000, 0x0000000100000000)
  region size 1024K, 15 young (15360K), 15 survivors (15360K)
 Metaspace       used 85245K, capacity 87507K, committed 87628K, reserved 1124352K
  class space    used 11024K, capacity 11872K, committed 11904K, reserved 1048576K
}
Event: 15.796 GC heap before
{Heap before GC invocations=14 (full 0):
 garbage-first heap   total 262144K, used 184141K [0x0000000080000000, 0x0000000100000000)
  region size 1024K, 123 young (125952K), 15 survivors (15360K)
 Metaspace       used 87650K, capacity 89923K, committed 90060K, reserved 1126400K
  class space    used 11294K, capacity 12165K, committed 12288K, reserved 1048576K
}
Event: 15.813 GC heap after
{Heap after GC invocations=15 (full 0):
 garbage-first heap   total 262144K, used 81126K [0x0000000080000000, 0x0000000100000000)
  region size 1024K, 7 young (7168K), 7 survivors (7168K)
 Metaspace       used 87650K, capacity 89923K, committed 90060K, reserved 1126400K
  class space    used 11294K, capacity 12165K, committed 12288K, reserved 1048576K
}
Event: 16.817 GC heap before
{Heap before GC invocations=15 (full 0):
 garbage-first heap   total 262144K, used 190694K [0x0000000080000000, 0x0000000100000000)
  region size 1024K, 115 young (117760K), 7 survivors (7168K)
 Metaspace       used 92072K, capacity 94393K, committed 94540K, reserved 1130496K
  class space    used 11829K, capacity 12667K, committed 12672K, reserved 1048576K
}
Event: 16.828 GC heap after
{Heap after GC invocations=16 (full 0):
 garbage-first heap   total 262144K, used 86528K [0x0000000080000000, 0x0000000100000000)
  region size 1024K, 12 young (12288K), 12 survivors (12288K)
 Metaspace       used 92072K, capacity 94393K, committed 94540K, reserved 1130496K
  class space    used 11829K, capacity 12667K, committed 12672K, reserved 1048576K
}
Event: 17.674 GC heap before
{Heap before GC invocations=16 (full 0):
 garbage-first heap   total 262144K, used 233984K [0x0000000080000000, 0x0000000100000000)
  region size 1024K, 120 young (122880K), 12 survivors (12288K)
 Metaspace       used 99964K, capacity 102825K, committed 102988K, reserved 1138688K
  class space    used 13035K, capacity 14130K, committed 14208K, reserved 1048576K
}
Event: 17.699 GC heap after
{Heap after GC invocations=17 (full 0):
 garbage-first heap   total 274432K, used 135380K [0x0000000080000000, 0x0000000100000000)
  region size 1024K, 15 young (15360K), 15 survivors (15360K)
 Metaspace       used 99964K, capacity 102825K, committed 102988K, reserved 1138688K
  class space    used 13035K, capacity 14130K, committed 14208K, reserved 1048576K
}
Event: 18.328 GC heap before
{Heap before GC invocations=17 (full 0):
 garbage-first heap   total 274432K, used 212180K [0x0000000080000000, 0x0000000100000000)
  region size 1024K, 89 young (91136K), 15 survivors (15360K)
 Metaspace       used 105515K, capacity 108716K, committed 108876K, reserved 1142784K
  class space    used 13966K, capacity 15217K, committed 15232K, reserved 1048576K
}
Event: 18.357 GC heap after
{Heap after GC invocations=18 (full 0):
 garbage-first heap   total 274432K, used 155992K [0x0000000080000000, 0x0000000100000000)
  region size 1024K, 12 young (12288K), 12 survivors (12288K)
 Metaspace       used 105515K, capacity 108716K, committed 108876K, reserved 1142784K
  class space    used 13966K, capacity 15217K, committed 15232K, reserved 1048576K
}

